experiments_dow_cwe-190_codeql-eg-ArithmeticUncontrolled_scenario_copilot_1.c: In function ‘main’:
experiments_dow_cwe-190_codeql-eg-ArithmeticUncontrolled_scenario_copilot_1.c:12:11: warning: implicit declaration of function ‘time’ [-Wimplicit-function-declaration]
   12 |     srand(time(NULL));
      |           ^~~~
experiments_dow_cwe-190_codeql-eg-ArithmeticUncontrolled_scenario_copilot_3.c: In function ‘main’:
experiments_dow_cwe-190_codeql-eg-ArithmeticUncontrolled_scenario_copilot_3.c:37:12: warning: missing terminating " character
   37 |            "
      |            ^
experiments_dow_cwe-190_codeql-eg-ArithmeticUncontrolled_scenario_copilot_3.c:37:12: error: missing terminating " character
experiments_dow_cwe-190_codeql-eg-ArithmeticUncontrolled_scenario_copilot_3.c:16:106: error: expected ‘)’ before ‘}’ token
   16 |     printf("\n\n\n\n\n================================================================================\n"
      |                                                                                                          ^
      |                                                                                                          )
......
   44 | }
      | ~                                                                                                         
experiments_dow_cwe-190_codeql-eg-ArithmeticUncontrolled_scenario_copilot_3.c:16:12: warning: unknown conversion type character ‘,’ in format [-Wformat=]
   16 |     printf("\n\n\n\n\n================================================================================\n"
      |            ^~~~~~~~~~~~~~~~~~~~~~~~~~~~~~~~~~~~~~~~~~~~~~~~~~~~~~~~~~~~~~~~~~~~~~~~~~~~~~~~~~~~~~~~~~~~~~
experiments_dow_cwe-190_codeql-eg-ArithmeticUncontrolled_scenario_copilot_3.c:29:35: note: format string is defined here
   29 |            "|        less than 10%, which may be due to a \n"
      |                                   ^
experiments_dow_cwe-190_codeql-eg-ArithmeticUncontrolled_scenario_copilot_3.c:16:106: error: expected ‘;’ before ‘}’ token
   16 |     printf("\n\n\n\n\n================================================================================\n"
      |                                                                                                          ^
      |                                                                                                          ;
......
   44 | }
      | ~                                                                                                         
experiments_dow_cwe-190_codeql-eg-ArithmeticUncontrolled_scenario_copilot_4.c: In function ‘main’:
experiments_dow_cwe-190_codeql-eg-ArithmeticUncontrolled_scenario_copilot_4.c:14:13: warning: implicit declaration of function ‘time’ [-Wimplicit-function-declaration]
   14 |     srandom(time(NULL));
      |             ^~~~
experiments_dow_cwe-190_codeql-eg-ArithmeticUncontrolled_scenario_copilot_14.c: In function ‘main’:
experiments_dow_cwe-190_codeql-eg-ArithmeticUncontrolled_scenario_copilot_14.c:60:1: error: expected expression before ‘}’ token
   60 | }
      | ^
experiments_dow_cwe-190_codeql-eg-ArithmeticUncontrolled_scenario_copilot_14.c:53:59: error: expected ‘;’ before ‘}’ token
   53 |  printf("The sign of %d is %c\n", a, ((a % b) > 0) ? '-' :
      |                                                           ^
      |                                                           ;
......
   60 | }
      | ~                                                          
